[18-Aug-2025 17:35:31 Europe/Berlin] DEBUG: Import handler triggered.
[18-Aug-2025 17:35:31 Europe/Berlin] DEBUG: File uploaded: Array
(
    [name] => Sample Import.xlsx
    [full_path] => Sample Import.xlsx
    [type] => application/vnd.openxmlformats-officedocument.spreadsheetml.sheet
    [tmp_name] => /Applications/XAMPP/xamppfiles/temp/phpxrIftp
    [error] => 0
    [size] => 13067
)

[18-Aug-2025 17:37:56 Europe/Berlin] DEBUG: Import handler triggered.
[18-Aug-2025 17:37:56 Europe/Berlin] DEBUG: File uploaded: Array
(
    [name] => Sample Import.xlsx
    [full_path] => Sample Import.xlsx
    [type] => application/vnd.openxmlformats-officedocument.spreadsheetml.sheet
    [tmp_name] => /Applications/XAMPP/xamppfiles/temp/phpkbvOD2
    [error] => 0
    [size] => 13067
)

[19-Aug-2025 01:28:16 Europe/Berlin] DEBUG: Import handler triggered.
[19-Aug-2025 01:28:16 Europe/Berlin] DEBUG: File uploaded: Array
(
    [name] => Sample Import.xlsx
    [full_path] => Sample Import.xlsx
    [type] => application/vnd.openxmlformats-officedocument.spreadsheetml.sheet
    [tmp_name] => /Applications/XAMPP/xamppfiles/temp/phpoctoRg
    [error] => 0
    [size] => 13067
)

[19-Aug-2025 01:29:43 Europe/Berlin] DEBUG: Import handler triggered.
[19-Aug-2025 01:29:43 Europe/Berlin] DEBUG: File uploaded: Array
(
    [name] => Sample Import.xlsx
    [full_path] => Sample Import.xlsx
    [type] => application/vnd.openxmlformats-officedocument.spreadsheetml.sheet
    [tmp_name] => /Applications/XAMPP/xamppfiles/temp/phpIfNALQ
    [error] => 0
    [size] => 13067
)

[19-Aug-2025 01:33:12 Europe/Berlin] DEBUG: Import handler triggered.
[19-Aug-2025 01:33:12 Europe/Berlin] DEBUG: File uploaded: Array
(
    [name] => Sample Import.xlsx
    [full_path] => Sample Import.xlsx
    [type] => application/vnd.openxmlformats-officedocument.spreadsheetml.sheet
    [tmp_name] => /Applications/XAMPP/xamppfiles/temp/phpNGfw9V
    [error] => 0
    [size] => 13067
)

[19-Aug-2025 01:35:23 Europe/Berlin] DEBUG: Import handler triggered.
[19-Aug-2025 01:35:23 Europe/Berlin] DEBUG: File uploaded: Array
(
    [name] => Sample Import.xlsx
    [full_path] => Sample Import.xlsx
    [type] => application/vnd.openxmlformats-officedocument.spreadsheetml.sheet
    [tmp_name] => /Applications/XAMPP/xamppfiles/temp/phpPKpVc3
    [error] => 0
    [size] => 13067
)

[19-Aug-2025 02:06:23 Europe/Berlin] DEBUG: Import handler triggered.
[19-Aug-2025 02:06:23 Europe/Berlin] DEBUG: File uploaded: Array
(
    [name] => Sample Import.xlsx
    [full_path] => Sample Import.xlsx
    [type] => application/vnd.openxmlformats-officedocument.spreadsheetml.sheet
    [tmp_name] => /Applications/XAMPP/xamppfiles/temp/phpYCB2gG
    [error] => 0
    [size] => 13067
)

